Determining if the pthread_create exist failed with the following output:
Change Dir: /playpen/software/sreps/Pablo2/cmake-build-debug/CMakeFiles/CMakeTmp

Run Build Command:/usr/bin/make "cmTryCompileExec275655412/fast"
/usr/bin/make -f CMakeFiles/cmTryCompileExec275655412.dir/build.make CMakeFiles/cmTryCompileExec275655412.dir/build
make[1]: Entering directory `/playpen/software/sreps/Pablo2/cmake-build-debug/CMakeFiles/CMakeTmp'
/usr/bin/cmake -E cmake_progress_report /playpen/software/sreps/Pablo2/cmake-build-debug/CMakeFiles/CMakeTmp/CMakeFiles 1
Building C object CMakeFiles/cmTryCompileExec275655412.dir/CheckSymbolExists.c.o
/usr/bin/cc    -o CMakeFiles/cmTryCompileExec275655412.dir/CheckSymbolExists.c.o   -c /playpen/software/sreps/Pablo2/cmake-build-debug/CMakeFiles/CMakeTmp/CheckSymbolExists.c
Linking C executable cmTryCompileExec275655412
/usr/bin/cmake -E cmake_link_script CMakeFiles/cmTryCompileExec275655412.dir/link.txt --verbose=1
/usr/bin/cc        CMakeFiles/cmTryCompileExec275655412.dir/CheckSymbolExists.c.o  -o cmTryCompileExec275655412 -rdynamic 
CMakeFiles/cmTryCompileExec275655412.dir/CheckSymbolExists.c.o: In function `main':
CheckSymbolExists.c:(.text+0x16): undefined reference to `pthread_create'
collect2: error: ld returned 1 exit status
make[1]: Leaving directory `/playpen/software/sreps/Pablo2/cmake-build-debug/CMakeFiles/CMakeTmp'
make[1]: *** [cmTryCompileExec275655412] Error 1
make: *** [cmTryCompileExec275655412/fast] Error 2

File /playpen/software/sreps/Pablo2/cmake-build-debug/CMakeFiles/CMakeTmp/CheckSymbolExists.c:
/* */
#include <pthread.h>

int main(int argc, char** argv)
{
  (void)argv;
#ifndef pthread_create
  return ((int*)(&pthread_create))[argc];
#else
  (void)argc;
  return 0;
#endif
}

Determining if the function pthread_create exists in the pthreads failed with the following output:
Change Dir: /playpen/software/sreps/Pablo2/cmake-build-debug/CMakeFiles/CMakeTmp

Run Build Command:/usr/bin/make "cmTryCompileExec2335598399/fast"
/usr/bin/make -f CMakeFiles/cmTryCompileExec2335598399.dir/build.make CMakeFiles/cmTryCompileExec2335598399.dir/build
make[1]: Entering directory `/playpen/software/sreps/Pablo2/cmake-build-debug/CMakeFiles/CMakeTmp'
/usr/bin/cmake -E cmake_progress_report /playpen/software/sreps/Pablo2/cmake-build-debug/CMakeFiles/CMakeTmp/CMakeFiles 1
Building C object CMakeFiles/cmTryCompileExec2335598399.dir/CheckFunctionExists.c.o
/usr/bin/cc   -DCHECK_FUNCTION_EXISTS=pthread_create   -o CMakeFiles/cmTryCompileExec2335598399.dir/CheckFunctionExists.c.o   -c /usr/share/cmake-2.8/Modules/CheckFunctionExists.c
Linking C executable cmTryCompileExec2335598399
/usr/bin/cmake -E cmake_link_script CMakeFiles/cmTryCompileExec2335598399.dir/link.txt --verbose=1
/usr/bin/cc    -DCHECK_FUNCTION_EXISTS=pthread_create    CMakeFiles/cmTryCompileExec2335598399.dir/CheckFunctionExists.c.o  -o cmTryCompileExec2335598399 -rdynamic -lpthreads 
/usr/bin/ld: cannot find -lpthreads
collect2: error: ld returned 1 exit status
make[1]: *** [cmTryCompileExec2335598399] Error 1
make[1]: Leaving directory `/playpen/software/sreps/Pablo2/cmake-build-debug/CMakeFiles/CMakeTmp'
make: *** [cmTryCompileExec2335598399/fast] Error 2


